------------------------------------------------------------------------------------------------------------------------

[2024-05-14 12:37:43 #1 store] 
Database 'C:\Users\ik_1DW3D\git\JavaProjects\ERRONKA3\db\Usuarios.odb' is opened by 13480@HZ399935

[2024-05-14 12:37:43 #2 store] 
Configuration path: ?

[2024-05-14 12:37:43 #3 type] 
Type ERRONKA3.klaseak.Usuario is not enhanced.

------------------------------------------------------------------------------------------------------------------------

[2024-05-14 12:40:00 #1 store] 
Database 'C:\Users\ik_1DW3D\git\JavaProjects\ERRONKA3\db\Usuarios.odb' has been recovered (tr. 1-4)

[2024-05-14 12:40:00 #2 store] 
Database 'C:\Users\ik_1DW3D\git\JavaProjects\ERRONKA3\db\Usuarios.odb' is opened by 9468@HZ399935

[2024-05-14 12:40:00 #3 store] 
Configuration path: ?

[2024-05-14 12:40:00 #4 type] 
Type ERRONKA3.klaseak.Usuario is not enhanced.

[2024-05-14 12:40:00 #5 store] 
Database 'C:\Users\ik_1DW3D\git\JavaProjects\ERRONKA3\db\Usuarios.odb' is closed by 9468@HZ399935

[2024-05-14 12:41:15 #6 store] 
Database 'C:\Users\ik_1DW3D\git\JavaProjects\ERRONKA3\db\Usuarios.odb' is opened by 9468@HZ399935

[2024-05-14 12:41:15 #7 store] 
Configuration path: ?

[2024-05-14 12:41:15 #8 store] 
Database 'C:\Users\ik_1DW3D\git\JavaProjects\ERRONKA3\db\Usuarios.odb' is closed by 9468@HZ399935

------------------------------------------------------------------------------------------------------------------------

[2024-05-14 12:42:56 #1 store] 
Database 'C:\Users\ik_1DW3D\git\JavaProjects\ERRONKA3\db\Usuarios.odb' is opened by 4104@HZ399935

[2024-05-14 12:42:56 #2 store] 
Configuration path: ?

[2024-05-14 12:42:56 #3 type] 
Type ERRONKA3.klaseak.Usuario is not enhanced.

[2024-05-14 12:42:56 #4 store] 
Database 'C:\Users\ik_1DW3D\git\JavaProjects\ERRONKA3\db\Usuarios.odb' is closed by 4104@HZ399935

